#
# A fatal error has been detected by the Java Runtime Environment:
#
#  EXCEPTION_ACCESS_VIOLATION (0xc0000005) at pc=0x0000017aec7b1066, pid=3576, tid=0x0000000000001114
#
# JRE version: OpenJDK Runtime Environment (8.0_462-b08) (build 1.8.0_462-b08)
# Java VM: OpenJDK 64-Bit Server VM (25.462-b08 mixed mode windows-amd64 compressed oops)
# Problematic frame:
# C  [OpenAL64.dll+0x11066]
#
# Failed to write core dump. Minidumps are not enabled by default on client versions of Windows
#
# If you would like to submit a bug report, please visit:
#   https://github.com/adoptium/adoptium-support/issues
# The crash happened outside the Java Virtual Machine in native code.
# See problematic frame for where to report the bug.
#

---------------  T H R E A D  ---------------

Current thread (0x0000017ad1894800):  JavaThread "main" [_thread_in_native, id=4372, stack(0x000000149f200000,0x000000149f300000)]

siginfo: ExceptionCode=0xc0000005, reading address 0x0000017aec971004

Registers:
RAX=0x0000000000020003, RBX=0x0000017aeda10090, RCX=0x0000017aec971008, RDX=0x0000017aec971004
RSP=0x000000149f2fc7c0, RBP=0x00000000000000ff, RSI=0x0000017aec965e0c, RDI=0x0000000000000000
R8 =0x0000000000002c7e, R9 =0x0000017aec965e0c, R10=0x0000017ad31d9c62, R11=0x000000006dac24b0
R12=0x0000000000000001, R13=0x0000017aec353d40, R14=0x000000149f2fc960, R15=0x0000017ad1894800
RIP=0x0000017aec7b1066, EFLAGS=0x0000000000010202

Top of Stack: (sp=0x000000149f2fc7c0)
0x000000149f2fc7c0:   0000000000000000 0000017ad1894800
0x000000149f2fc7d0:   000000149f2fc960 0000000000000000
0x000000149f2fc7e0:   0000017aec353d40 0000000000000248
0x000000149f2fc7f0:   0000017ad1894800 0000017aec353d40
0x000000149f2fc800:   000000149f2fc928 000000006d952742
0x000000149f2fc810:   000000149f2fc840 0000000000014cd7
0x000000149f2fc820:   0000017ad18649b0 0000017ad1897970
0x000000149f2fc830:   0000017ad1894800 000000149f2fc960
0x000000149f2fc840:   0000017aec353d40 0000000000000000
0x000000149f2fc850:   0000017aec965e0c 0000000000000248
0x000000149f2fc860:   000000149f2fc928 0000017aec7b248f
0x000000149f2fc870:   0000017aeda10090 0000017aeda10090
0x000000149f2fc880:   0000017a0000ac44 0000017a00020003
0x000000149f2fc890:   0000017ad31c7bd0 0000017ad31d9c8e
0x000000149f2fc8a0:   0000017aec353d40 0000000000000248
0x000000149f2fc8b0:   0000017ad31c7bd0 0000017ad31d999b 

Instructions: (pc=0x0000017aec7b1066)
0x0000017aec7b1046:   41 2b ec 81 3a 03 00 02 00 75 09 8b 01 89 84 24
0x0000017aec7b1056:   c8 00 00 00 49 83 c0 02 48 83 c1 08 4a 8d 14 86
0x0000017aec7b1066:   39 3a 75 af 4c 8d 84 24 c0 00 00 00 48 8d 15 d7
0x0000017aec7b1076:   2b 03 00 33 c9 e8 58 5f 00 00 b8 40 1f 00 00 4c 


Register to memory mapping:

RAX=0x0000000000020003 is an unknown value
RBX=0x0000017aeda10090 is an unknown value
RCX=0x0000017aec971008 is an unknown value
RDX=0x0000017aec971004 is an unknown value
RSP=0x000000149f2fc7c0 is pointing into the stack for thread: 0x0000017ad1894800
RBP=0x00000000000000ff is an unknown value
RSI=0x0000017aec965e0c is an unknown value
RDI=0x0000000000000000 is an unknown value
R8 =0x0000000000002c7e is an unknown value
R9 =0x0000017aec965e0c is an unknown value
R10=0x0000017ad31d9c62 is at code_begin+962 in an Interpreter codelet
method entry point (kind = native)  [0x0000017ad31d98a0, 0x0000017ad31da340]  2720 bytes
R11=0x000000006dac24b0 is an unknown value
R12=0x0000000000000001 is an unknown value
R13={method} {0x0000017aec353d48} 'nalcCreateContext' '(JJ)J' in 'org/lwjgl/openal/ALC10'
R14=0x000000149f2fc960 is pointing into the stack for thread: 0x0000017ad1894800
R15=0x0000017ad1894800 is a thread


Stack: [0x000000149f200000,0x000000149f300000],  sp=0x000000149f2fc7c0,  free space=1009k
Native frames: (J=compiled Java code, j=interpreted, Vv=VM code, C=native code)
C  [OpenAL64.dll+0x11066]
C  [OpenAL64.dll+0x1248f]
C  0x0000017ad31d9c8e

Java frames: (J=compiled Java code, j=interpreted, Vv=VM code)
j  org.lwjgl.openal.ALC10.nalcCreateContext(JJ)J+0
j  org.lwjgl.openal.ALC10.alcCreateContext(Lorg/lwjgl/openal/ALCdevice;Ljava/nio/IntBuffer;)Lorg/lwjgl/openal/ALCcontext;+8
j  org.lwjgl.openal.AL.init(Ljava/lang/String;IIZZ)V+69
j  org.lwjgl.openal.AL.create(Ljava/lang/String;IIZZ)V+246
j  org.lwjgl.openal.AL.create(Ljava/lang/String;IIZ)V+5
j  org.lwjgl.openal.AL.create()V+6
j  com.badlogic.gdx.backends.lwjgl.audio.OpenALAudio.<init>(III)V+114
j  com.badlogic.gdx.backends.lwjgl.LwjglApplication.<init>(Lcom/badlogic/gdx/ApplicationListener;Lcom/badlogic/gdx/backends/lwjgl/LwjglApplicationConfiguration;Lcom/badlogic/gdx/backends/lwjgl/LwjglGraphics;)V+120
j  com.badlogic.gdx.backends.lwjgl.LwjglApplication.<init>(Lcom/badlogic/gdx/ApplicationListener;Lcom/badlogic/gdx/backends/lwjgl/LwjglApplicationConfiguration;)V+11
j  org.uqbar.project.wollok.game.gameboard.WollokGDXApplication.<init>(Lorg/uqbar/project/wollok/game/gameboard/Gameboard;Ljava/lang/Boolean;)V+17
j  org.uqbar.project.wollok.game.helpers.Application.start(Lorg/uqbar/project/wollok/game/gameboard/Gameboard;Ljava/lang/Boolean;)V+5
j  org.uqbar.project.wollok.game.gameboard.Gameboard.start(Ljava/lang/Boolean;)V+13
j  wollok.game.GameObject.doStart(Ljava/lang/Boolean;)V+12
v  ~StubRoutines::call_stub
J 3157  sun.reflect.NativeMethodAccessorImpl.invoke0(Ljava/lang/reflect/Method;Ljava/lang/Object;[Ljava/lang/Object;)Ljava/lang/Object; (0 bytes) @ 0x0000017ad3b69aff [0x0000017ad3b69a80+0x7f]
J 3156 C1 sun.reflect.NativeMethodAccessorImpl.invoke(Ljava/lang/Object;[Ljava/lang/Object;)Ljava/lang/Object; (104 bytes) @ 0x0000017ad3b6a2c4 [0x0000017ad3b69f20+0x3a4]
J 2688 C1 sun.reflect.DelegatingMethodAccessorImpl.invoke(Ljava/lang/Object;[Ljava/lang/Object;)Ljava/lang/Object; (10 bytes) @ 0x0000017ad3a84c04 [0x0000017ad3a84b00+0x104]
J 2687 C1 java.lang.reflect.Method.invoke(Ljava/lang/Object;[Ljava/lang/Object;)Ljava/lang/Object; (62 bytes) @ 0x0000017ad3a89bac [0x0000017ad3a897c0+0x3ec]
j  org.uqbar.project.wollok.ui.utils.XTendUtilExtensions.invokeConvertingArgs(Ljava/lang/reflect/Method;Ljava/lang/Object;[Ljava/lang/Object;)Lorg/uqbar/project/wollok/interpreter/core/WollokObject;+261
j  org.uqbar.project.wollok.interpreter.AbstractWollokCallable._invokeNative(Ljava/lang/Object;Ljava/lang/String;[Lorg/uqbar/project/wollok/interpreter/core/WollokObject;)Lorg/uqbar/project/wollok/interpreter/core/WollokObject;+41
j  org.uqbar.project.wollok.interpreter.AbstractWollokCallable.invokeNative(Ljava/lang/Object;Ljava/lang/String;[Lorg/uqbar/project/wollok/interpreter/core/WollokObject;)Lorg/uqbar/project/wollok/interpreter/core/WollokObject;+26
j  org.uqbar.project.wollok.interpreter.AbstractWollokCallable$1.apply()Lorg/uqbar/project/wollok/interpreter/core/WollokObject;+55
j  org.uqbar.project.wollok.interpreter.AbstractWollokCallable$1.apply()Ljava/lang/Object;+1
j  org.uqbar.project.wollok.interpreter.threads.WThread.performOnStack(Lorg/eclipse/emf/ecore/EObject;Lorg/uqbar/project/wollok/interpreter/context/EvaluationContext;Lorg/eclipse/xtext/xbase/lib/Functions$Function0;)Lorg/uqbar/project/wollok/interpreter/core/WollokObject;+29
j  org.uqbar.project.wollok.interpreter.WollokInterpreter.performOnStack(Lorg/eclipse/emf/ecore/EObject;Lorg/uqbar/project/wollok/interpreter/context/EvaluationContext;Lorg/eclipse/xtext/xbase/lib/Functions$Function0;)Lorg/uqbar/project/wollok/interpreter/core/WollokObject;+7
j  org.uqbar.project.wollok.interpreter.AbstractWollokCallable.call(Lorg/uqbar/project/wollok/wollokDsl/WMethodDeclaration;[Lorg/uqbar/project/wollok/interpreter/core/WollokObject;)Lorg/uqbar/project/wollok/interpreter/core/WollokObject;+38
j  org.uqbar.project.wollok.interpreter.core.WollokObject.call(Ljava/lang/String;[Lorg/uqbar/project/wollok/interpreter/core/WollokObject;)Lorg/uqbar/project/wollok/interpreter/core/WollokObject;+55
j  org.uqbar.project.wollok.interpreter.WollokInterpreterEvaluator._evaluate(Lorg/uqbar/project/wollok/wollokDsl/WFeatureCall;)Lorg/uqbar/project/wollok/interpreter/core/WollokObject;+119
J 3119 C1 org.uqbar.project.wollok.launch.WollokLauncherInterpreterEvaluator.evaluate(Lorg/eclipse/emf/ecore/EObject;)Lorg/uqbar/project/wollok/interpreter/core/WollokObject; (502 bytes) @ 0x0000017ad3b55544 [0x0000017ad3b54500+0x1044]
J 3224 C1 org.uqbar.project.wollok.interpreter.WollokInterpreter.eval(Lorg/eclipse/emf/ecore/EObject;)Lorg/uqbar/project/wollok/interpreter/core/WollokObject; (190 bytes) @ 0x0000017ad3b84af4 [0x0000017ad3b84700+0x3f4]
J 3247 C1 org.uqbar.project.wollok.interpreter.WollokInterpreterEvaluator.eval(Lorg/eclipse/emf/ecore/EObject;)Lorg/uqbar/project/wollok/interpreter/core/WollokObject; (9 bytes) @ 0x0000017ad3b8d6e4 [0x0000017ad3b8d680+0x64]
j  org.uqbar.project.wollok.interpreter.WollokInterpreterEvaluator$1.apply(Lorg/uqbar/project/wollok/interpreter/core/WollokObject;Lorg/eclipse/emf/ecore/EObject;)Lorg/uqbar/project/wollok/interpreter/core/WollokObject;+5
j  org.uqbar.project.wollok.interpreter.WollokInterpreterEvaluator$1.apply(Ljava/lang/Object;Ljava/lang/Object;)Ljava/lang/Object;+9
j  org.eclipse.xtext.xbase.lib.IteratorExtensions.fold(Ljava/util/Iterator;Ljava/lang/Object;Lorg/eclipse/xtext/xbase/lib/Functions$Function2;)Ljava/lang/Object;+19
j  org.eclipse.xtext.xbase.lib.IterableExtensions.fold(Ljava/lang/Iterable;Ljava/lang/Object;Lorg/eclipse/xtext/xbase/lib/Functions$Function2;)Ljava/lang/Object;+8
j  org.uqbar.project.wollok.interpreter.WollokInterpreterEvaluator.evalAll(Ljava/lang/Iterable;)Lorg/uqbar/project/wollok/interpreter/core/WollokObject;+12
j  org.uqbar.project.wollok.interpreter.WollokInterpreterEvaluator._evaluate(Lorg/uqbar/project/wollok/wollokDsl/WBlockExpression;)Lorg/uqbar/project/wollok/interpreter/core/WollokObject;+34
J 3119 C1 org.uqbar.project.wollok.launch.WollokLauncherInterpreterEvaluator.evaluate(Lorg/eclipse/emf/ecore/EObject;)Lorg/uqbar/project/wollok/interpreter/core/WollokObject; (502 bytes) @ 0x0000017ad3b5604c [0x0000017ad3b54500+0x1b4c]
J 3224 C1 org.uqbar.project.wollok.interpreter.WollokInterpreter.eval(Lorg/eclipse/emf/ecore/EObject;)Lorg/uqbar/project/wollok/interpreter/core/WollokObject; (190 bytes) @ 0x0000017ad3b84af4 [0x0000017ad3b84700+0x3f4]
j  org.uqbar.project.wollok.interpreter.AbstractWollokCallable.eval(Lorg/eclipse/emf/ecore/EObject;)Lorg/uqbar/project/wollok/interpreter/core/WollokObject;+5
j  org.uqbar.project.wollok.interpreter.AbstractWollokCallable$1.apply()Lorg/uqbar/project/wollok/interpreter/core/WollokObject;+110
j  org.uqbar.project.wollok.interpreter.AbstractWollokCallable$1.apply()Ljava/lang/Object;+1
j  org.uqbar.project.wollok.interpreter.threads.WThread.performOnStack(Lorg/eclipse/emf/ecore/EObject;Lorg/uqbar/project/wollok/interpreter/context/EvaluationContext;Lorg/eclipse/xtext/xbase/lib/Functions$Function0;)Lorg/uqbar/project/wollok/interpreter/core/WollokObject;+29
j  org.uqbar.project.wollok.interpreter.WollokInterpreter.performOnStack(Lorg/eclipse/emf/ecore/EObject;Lorg/uqbar/project/wollok/interpreter/context/EvaluationContext;Lorg/eclipse/xtext/xbase/lib/Functions$Function0;)Lorg/uqbar/project/wollok/interpreter/core/WollokObject;+7
j  org.uqbar.project.wollok.interpreter.AbstractWollokCallable.call(Lorg/uqbar/project/wollok/wollokDsl/WMethodDeclaration;[Lorg/uqbar/project/wollok/interpreter/core/WollokObject;)Lorg/uqbar/project/wollok/interpreter/core/WollokObject;+38
j  org.uqbar.project.wollok.interpreter.core.WollokObject.call(Ljava/lang/String;[Lorg/uqbar/project/wollok/interpreter/core/WollokObject;)Lorg/uqbar/project/wollok/interpreter/core/WollokObject;+55
j  org.uqbar.project.wollok.interpreter.WollokInterpreterEvaluator._evaluate(Lorg/uqbar/project/wollok/wollokDsl/WFeatureCall;)Lorg/uqbar/project/wollok/interpreter/core/WollokObject;+119
J 3119 C1 org.uqbar.project.wollok.launch.WollokLauncherInterpreterEvaluator.evaluate(Lorg/eclipse/emf/ecore/EObject;)Lorg/uqbar/project/wollok/interpreter/core/WollokObject; (502 bytes) @ 0x0000017ad3b55544 [0x0000017ad3b54500+0x1044]
J 3224 C1 org.uqbar.project.wollok.interpreter.WollokInterpreter.eval(Lorg/eclipse/emf/ecore/EObject;)Lorg/uqbar/project/wollok/interpreter/core/WollokObject; (190 bytes) @ 0x0000017ad3b84af4 [0x0000017ad3b84700+0x3f4]
J 3247 C1 org.uqbar.project.wollok.interpreter.WollokInterpreterEvaluator.eval(Lorg/eclipse/emf/ecore/EObject;)Lorg/uqbar/project/wollok/interpreter/core/WollokObject; (9 bytes) @ 0x0000017ad3b8d6e4 [0x0000017ad3b8d680+0x64]
j  org.uqbar.project.wollok.interpreter.WollokInterpreterEvaluator$1.apply(Lorg/uqbar/project/wollok/interpreter/core/WollokObject;Lorg/eclipse/emf/ecore/EObject;)Lorg/uqbar/project/wollok/interpreter/core/WollokObject;+5
j  org.uqbar.project.wollok.interpreter.WollokInterpreterEvaluator$1.apply(Ljava/lang/Object;Ljava/lang/Object;)Ljava/lang/Object;+9
j  org.eclipse.xtext.xbase.lib.IteratorExtensions.fold(Ljava/util/Iterator;Ljava/lang/Object;Lorg/eclipse/xtext/xbase/lib/Functions$Function2;)Ljava/lang/Object;+19
j  org.eclipse.xtext.xbase.lib.IterableExtensions.fold(Ljava/lang/Iterable;Ljava/lang/Object;Lorg/eclipse/xtext/xbase/lib/Functions$Function2;)Ljava/lang/Object;+8
j  org.uqbar.project.wollok.interpreter.WollokInterpreterEvaluator.evalAll(Ljava/lang/Iterable;)Lorg/uqbar/project/wollok/interpreter/core/WollokObject;+12
j  org.uqbar.project.wollok.interpreter.WollokInterpreterEvaluator._evaluate(Lorg/uqbar/project/wollok/wollokDsl/WProgram;)Lorg/uqbar/project/wollok/interpreter/core/WollokObject;+18
j  org.uqbar.project.wollok.launch.WollokLauncherInterpreterEvaluator.evaluate(Lorg/eclipse/emf/ecore/EObject;)Lorg/uqbar/project/wollok/interpreter/core/WollokObject;+444
j  org.uqbar.project.wollok.interpreter.WollokInterpreterEvaluator.evaluate(Lorg/eclipse/emf/ecore/EObject;)Ljava/lang/Object;+2
j  org.uqbar.project.wollok.interpreter.WollokInterpreter.eval(Lorg/eclipse/emf/ecore/EObject;)Lorg/uqbar/project/wollok/interpreter/core/WollokObject;+63
j  org.uqbar.project.wollok.interpreter.WollokInterpreterEvaluator.eval(Lorg/eclipse/emf/ecore/EObject;)Lorg/uqbar/project/wollok/interpreter/core/WollokObject;+5
j  org.uqbar.project.wollok.launch.WollokLauncherInterpreterEvaluator._evaluate(Lorg/uqbar/project/wollok/wollokDsl/WFile;)Lorg/uqbar/project/wollok/interpreter/core/WollokObject;+32
j  org.uqbar.project.wollok.launch.WollokLauncherInterpreterEvaluator.evaluate(Lorg/eclipse/emf/ecore/EObject;)Lorg/uqbar/project/wollok/interpreter/core/WollokObject;+428
j  org.uqbar.project.wollok.interpreter.WollokInterpreterEvaluator.evaluate(Lorg/eclipse/emf/ecore/EObject;)Ljava/lang/Object;+2
j  org.uqbar.project.wollok.interpreter.WollokInterpreter.interpret(Lorg/eclipse/emf/ecore/EObject;Ljava/lang/Boolean;)Lorg/uqbar/project/wollok/interpreter/core/WollokObject;+25
j  org.uqbar.project.wollok.interpreter.WollokInterpreter.interpret(Lorg/eclipse/emf/ecore/EObject;)Lorg/uqbar/project/wollok/interpreter/core/WollokObject;+8
j  org.uqbar.project.wollok.launch.WollokLauncher.doSomething(Lorg/uqbar/project/wollok/wollokDsl/WFile;Lcom/google/inject/Injector;Ljava/io/File;Lorg/uqbar/project/wollok/launch/WollokLauncherParameters;)V+109
j  org.uqbar.project.wollok.launch.WollokChecker.launch(Ljava/lang/String;Lorg/uqbar/project/wollok/launch/WollokLauncherParameters;)V+31
j  org.uqbar.project.wollok.launch.WollokChecker.doMain([Ljava/lang/String;)V+205
j  org.uqbar.project.wollok.launch.WollokLauncher.main([Ljava/lang/String;)V+8
v  ~StubRoutines::call_stub

---------------  P R O C E S S  ---------------

Java Threads: ( => current thread )
  0x0000017ae96cb800 JavaThread "com.google.inject.internal.util.$Finalizer" daemon [_thread_blocked, id=2224, stack(0x00000014a0200000,0x00000014a0300000)]
  0x0000017ae961b000 JavaThread "EMF Reference Cleaner" daemon [_thread_blocked, id=9820, stack(0x00000014a0100000,0x00000014a0200000)]
  0x0000017ae8033800 JavaThread "Service Thread" daemon [_thread_blocked, id=9500, stack(0x000000149ff00000,0x00000014a0000000)]
  0x0000017ae802e000 JavaThread "C1 CompilerThread2" daemon [_thread_blocked, id=1752, stack(0x000000149fe00000,0x000000149ff00000)]
  0x0000017ae802d000 JavaThread "C2 CompilerThread1" daemon [_thread_blocked, id=10288, stack(0x000000149fd00000,0x000000149fe00000)]
  0x0000017ae7fd4800 JavaThread "C2 CompilerThread0" daemon [_thread_in_native, id=3500, stack(0x000000149fc00000,0x000000149fd00000)]
  0x0000017ae7fcb000 JavaThread "Attach Listener" daemon [_thread_blocked, id=1496, stack(0x000000149fb00000,0x000000149fc00000)]
  0x0000017ae7fc6000 JavaThread "Signal Dispatcher" daemon [_thread_blocked, id=11900, stack(0x000000149fa00000,0x000000149fb00000)]
  0x0000017ae7fa1000 JavaThread "Finalizer" daemon [_thread_blocked, id=6596, stack(0x000000149f900000,0x000000149fa00000)]
  0x0000017ae7f99000 JavaThread "Reference Handler" daemon [_thread_blocked, id=4280, stack(0x000000149f800000,0x000000149f900000)]
=>0x0000017ad1894800 JavaThread "main" [_thread_in_native, id=4372, stack(0x000000149f200000,0x000000149f300000)]

Other Threads:
  0x0000017ae786d800 VMThread [stack: 0x000000149f700000,0x000000149f800000] [id=1284]
  0x0000017ae8035800 WatcherThread [stack: 0x00000014a0000000,0x00000014a0100000] [id=5528]

VM state:not at safepoint (normal execution)

VM Mutex/Monitor currently owned by a thread: None

heap address: 0x0000000081800000, size: 2024 MB, Compressed Oops mode: 32-bit
Narrow klass base: 0x0000000000000000, Narrow klass shift: 3
Compressed class space size: 1073741824 Address: 0x0000000100000000

Heap:
 PSYoungGen      total 71680K, used 18492K [0x00000000d5d80000, 0x00000000dfd80000, 0x0000000100000000)
  eden space 66560K, 27% used [0x00000000d5d80000,0x00000000d6f8f238,0x00000000d9e80000)
  from space 5120K, 0% used [0x00000000d9e80000,0x00000000d9e80000,0x00000000da380000)
  to   space 15360K, 0% used [0x00000000dee80000,0x00000000dee80000,0x00000000dfd80000)
 ParOldGen       total 81408K, used 21395K [0x0000000081800000, 0x0000000086780000, 0x00000000d5d80000)
  object space 81408K, 26% used [0x0000000081800000,0x0000000082ce4dc8,0x0000000086780000)
 Metaspace       used 21984K, capacity 22270K, committed 22656K, reserved 1069056K
  class space    used 2761K, capacity 2861K, committed 2944K, reserved 1048576K

Card table byte_map: [0x0000017ae2580000,0x0000017ae2980000] byte_map_base: 0x0000017ae2174000

Marking Bits: (ParMarkBitMap*) 0x000000006e0cd930
 Begin Bits: [0x0000017ae2c30000, 0x0000017ae4bd0000)
 End Bits:   [0x0000017ae4bd0000, 0x0000017ae6b70000)

Polling page: 0x0000017ad1980000

CodeCache: size=245760Kb used=10371Kb max_used=10371Kb free=235388Kb
 bounds [0x0000017ad31c0000, 0x0000017ad3bf0000, 0x0000017ae21c0000]
 total_blobs=3777 nmethods=3323 adapters=365
 compilation: enabled

Compilation events (10 events):
Event: 8.759 Thread 0x0000017ae802e000 nmethod 3326 0x0000017ad3bdd210 code [0x0000017ad3bdd380, 0x0000017ad3bdd510]
Event: 8.778 Thread 0x0000017ae802e000 3327       3       java.nio.DirectByteBuffer::put (18 bytes)
Event: 8.778 Thread 0x0000017ae802e000 nmethod 3327 0x0000017ad3bdc750 code [0x0000017ad3bdc8c0, 0x0000017ad3bdcb38]
Event: 8.778 Thread 0x0000017ae802e000 3328       3       java.nio.DirectByteBuffer::ix (10 bytes)
Event: 8.778 Thread 0x0000017ae802e000 nmethod 3328 0x0000017ad3bdc410 code [0x0000017ad3bdc560, 0x0000017ad3bdc6b8]
Event: 8.780 Thread 0x0000017ae802e000 3330       3       java.nio.DirectByteBuffer::put (18 bytes)
Event: 8.780 Thread 0x0000017ae802e000 nmethod 3330 0x0000017ad3bdbf10 code [0x0000017ad3bdc080, 0x0000017ad3bdc2f8]
Event: 8.780 Thread 0x0000017ae802e000 3331       1       java.nio.DirectByteBuffer::ix (10 bytes)
Event: 8.780 Thread 0x0000017ae802e000 nmethod 3331 0x0000017ad3be85d0 code [0x0000017ad3be8720, 0x0000017ad3be8838]
Event: 8.804 Thread 0x0000017ae7fd4800 3332   !   4       java.lang.ClassLoader::loadClass (122 bytes)

GC Heap History (10 events):
Event: 3.670 GC heap before
{Heap before GC invocations=2 (full 0):
 PSYoungGen      total 38400K, used 38391K [0x00000000d5d80000, 0x00000000d8800000, 0x0000000100000000)
  eden space 33280K, 100% used [0x00000000d5d80000,0x00000000d7e00000,0x00000000d7e00000)
  from space 5120K, 99% used [0x00000000d7e00000,0x00000000d82fde30,0x00000000d8300000)
  to   space 5120K, 0% used [0x00000000d8300000,0x00000000d8300000,0x00000000d8800000)
 ParOldGen       total 87552K, used 895K [0x0000000081800000, 0x0000000086d80000, 0x00000000d5d80000)
  object space 87552K, 1% used [0x0000000081800000,0x00000000818dfea8,0x0000000086d80000)
 Metaspace       used 10034K, capacity 10204K, committed 10368K, reserved 1058816K
  class space    used 1195K, capacity 1288K, committed 1408K, reserved 1048576K
Event: 3.694 GC heap after
Heap after GC invocations=2 (full 0):
 PSYoungGen      total 38400K, used 5088K [0x00000000d5d80000, 0x00000000da880000, 0x0000000100000000)
  eden space 33280K, 0% used [0x00000000d5d80000,0x00000000d5d80000,0x00000000d7e00000)
  from space 5120K, 99% used [0x00000000d8300000,0x00000000d87f82a8,0x00000000d8800000)
  to   space 5120K, 0% used [0x00000000d7e00000,0x00000000d7e00000,0x00000000d8300000)
 ParOldGen       total 87552K, used 10002K [0x0000000081800000, 0x0000000086d80000, 0x00000000d5d80000)
  object space 87552K, 11% used [0x0000000081800000,0x00000000821c4b70,0x0000000086d80000)
 Metaspace       used 10034K, capacity 10204K, committed 10368K, reserved 1058816K
  class space    used 1195K, capacity 1288K, committed 1408K, reserved 1048576K
}
Event: 4.779 GC heap before
{Heap before GC invocations=3 (full 0):
 PSYoungGen      total 38400K, used 38368K [0x00000000d5d80000, 0x00000000da880000, 0x0000000100000000)
  eden space 33280K, 100% used [0x00000000d5d80000,0x00000000d7e00000,0x00000000d7e00000)
  from space 5120K, 99% used [0x00000000d8300000,0x00000000d87f82a8,0x00000000d8800000)
  to   space 5120K, 0% used [0x00000000d7e00000,0x00000000d7e00000,0x00000000d8300000)
 ParOldGen       total 87552K, used 10002K [0x0000000081800000, 0x0000000086d80000, 0x00000000d5d80000)
  object space 87552K, 11% used [0x0000000081800000,0x00000000821c4b70,0x0000000086d80000)
 Metaspace       used 13701K, capacity 13920K, committed 14080K, reserved 1060864K
  class space    used 1702K, capacity 1774K, committed 1792K, reserved 1048576K
Event: 4.803 GC heap after
Heap after GC invocations=3 (full 0):
 PSYoungGen      total 38400K, used 5104K [0x00000000d5d80000, 0x00000000da880000, 0x0000000100000000)
  eden space 33280K, 0% used [0x00000000d5d80000,0x00000000d5d80000,0x00000000d7e00000)
  from space 5120K, 99% used [0x00000000d7e00000,0x00000000d82fc020,0x00000000d8300000)
  to   space 5120K, 0% used [0x00000000da380000,0x00000000da380000,0x00000000da880000)
 ParOldGen       total 87552K, used 16676K [0x0000000081800000, 0x0000000086d80000, 0x00000000d5d80000)
  object space 87552K, 19% used [0x0000000081800000,0x0000000082849008,0x0000000086d80000)
 Metaspace       used 13701K, capacity 13920K, committed 14080K, reserved 1060864K
  class space    used 1702K, capacity 1774K, committed 1792K, reserved 1048576K
}
Event: 6.075 GC heap before
{Heap before GC invocations=4 (full 0):
 PSYoungGen      total 38400K, used 38384K [0x00000000d5d80000, 0x00000000da880000, 0x0000000100000000)
  eden space 33280K, 100% used [0x00000000d5d80000,0x00000000d7e00000,0x00000000d7e00000)
  from space 5120K, 99% used [0x00000000d7e00000,0x00000000d82fc020,0x00000000d8300000)
  to   space 5120K, 0% used [0x00000000da380000,0x00000000da380000,0x00000000da880000)
 ParOldGen       total 87552K, used 16676K [0x0000000081800000, 0x0000000086d80000, 0x00000000d5d80000)
  object space 87552K, 19% used [0x0000000081800000,0x0000000082849008,0x0000000086d80000)
 Metaspace       used 18422K, capacity 18660K, committed 18944K, reserved 1064960K
  class space    used 2360K, capacity 2452K, committed 2560K, reserved 1048576K
Event: 6.097 GC heap after
Heap after GC invocations=4 (full 0):
 PSYoungGen      total 71680K, used 5104K [0x00000000d5d80000, 0x00000000da880000, 0x0000000100000000)
  eden space 66560K, 0% used [0x00000000d5d80000,0x00000000d5d80000,0x00000000d9e80000)
  from space 5120K, 99% used [0x00000000da380000,0x00000000da87c020,0x00000000da880000)
  to   space 5120K, 0% used [0x00000000d9e80000,0x00000000d9e80000,0x00000000da380000)
 ParOldGen       total 87552K, used 23592K [0x0000000081800000, 0x0000000086d80000, 0x00000000d5d80000)
  object space 87552K, 26% used [0x0000000081800000,0x0000000082f0a370,0x0000000086d80000)
 Metaspace       used 18422K, capacity 18660K, committed 18944K, reserved 1064960K
  class space    used 2360K, capacity 2452K, committed 2560K, reserved 1048576K
}
Event: 7.683 GC heap before
{Heap before GC invocations=5 (full 0):
 PSYoungGen      total 71680K, used 36660K [0x00000000d5d80000, 0x00000000da880000, 0x0000000100000000)
  eden space 66560K, 47% used [0x00000000d5d80000,0x00000000d7c512a0,0x00000000d9e80000)
  from space 5120K, 99% used [0x00000000da380000,0x00000000da87c020,0x00000000da880000)
  to   space 5120K, 0% used [0x00000000d9e80000,0x00000000d9e80000,0x00000000da380000)
 ParOldGen       total 87552K, used 23592K [0x0000000081800000, 0x0000000086d80000, 0x00000000d5d80000)
  object space 87552K, 26% used [0x0000000081800000,0x0000000082f0a370,0x0000000086d80000)
 Metaspace       used 20823K, capacity 21106K, committed 21248K, reserved 1067008K
  class space    used 2640K, capacity 2731K, committed 2816K, reserved 1048576K
Event: 7.705 GC heap after
Heap after GC invocations=5 (full 0):
 PSYoungGen      total 71680K, used 5104K [0x00000000d5d80000, 0x00000000dfd80000, 0x0000000100000000)
  eden space 66560K, 0% used [0x00000000d5d80000,0x00000000d5d80000,0x00000000d9e80000)
  from space 5120K, 99% used [0x00000000d9e80000,0x00000000da37c020,0x00000000da380000)
  to   space 15360K, 0% used [0x00000000dee80000,0x00000000dee80000,0x00000000dfd80000)
 ParOldGen       total 87552K, used 27817K [0x0000000081800000, 0x0000000086d80000, 0x00000000d5d80000)
  object space 87552K, 31% used [0x0000000081800000,0x000000008332a518,0x0000000086d80000)
 Metaspace       used 20823K, capacity 21106K, committed 21248K, reserved 1067008K
  class space    used 2640K, capacity 2731K, committed 2816K, reserved 1048576K
}
Event: 7.705 GC heap before
{Heap before GC invocations=6 (full 1):
 PSYoungGen      total 71680K, used 5104K [0x00000000d5d80000, 0x00000000dfd80000, 0x0000000100000000)
  eden space 66560K, 0% used [0x00000000d5d80000,0x00000000d5d80000,0x00000000d9e80000)
  from space 5120K, 99% used [0x00000000d9e80000,0x00000000da37c020,0x00000000da380000)
  to   space 15360K, 0% used [0x00000000dee80000,0x00000000dee80000,0x00000000dfd80000)
 ParOldGen       total 87552K, used 27817K [0x0000000081800000, 0x0000000086d80000, 0x00000000d5d80000)
  object space 87552K, 31% used [0x0000000081800000,0x000000008332a518,0x0000000086d80000)
 Metaspace       used 20823K, capacity 21106K, committed 21248K, reserved 1067008K
  class space    used 2640K, capacity 2731K, committed 2816K, reserved 1048576K
Event: 7.822 GC heap after
Heap after GC invocations=6 (full 1):
 PSYoungGen      total 71680K, used 0K [0x00000000d5d80000, 0x00000000dfd80000, 0x0000000100000000)
  eden space 66560K, 0% used [0x00000000d5d80000,0x00000000d5d80000,0x00000000d9e80000)
  from space 5120K, 0% used [0x00000000d9e80000,0x00000000d9e80000,0x00000000da380000)
  to   space 15360K, 0% used [0x00000000dee80000,0x00000000dee80000,0x00000000dfd80000)
 ParOldGen       total 81408K, used 21395K [0x0000000081800000, 0x0000000086780000, 0x00000000d5d80000)
  object space 81408K, 26% used [0x0000000081800000,0x0000000082ce4dc8,0x0000000086780000)
 Metaspace       used 20823K, capacity 21106K, committed 21248K, reserved 1067008K
  class space    used 2640K, capacity 2731K, committed 2816K, reserved 1048576K
}

Deoptimization events (10 events):
Event: 6.707 Thread 0x0000017ad1894800 Uncommon trap: reason=array_check action=maybe_recompile pc=0x0000017ad39a6598 method=org.eclipse.emf.common.util.BasicEList.assign(ILjava/lang/Object;)Ljava/lang/Object; @ 6
Event: 6.731 Thread 0x0000017ad1894800 Uncommon trap: reason=bimorphic action=maybe_recompile pc=0x0000017ad37a57c4 method=org.eclipse.emf.common.util.AbstractEList$EIterator.next()Ljava/lang/Object; @ 1
Event: 6.731 Thread 0x0000017ad1894800 Uncommon trap: reason=unstable_if action=reinterpret pc=0x0000017ad39649d8 method=org.antlr.runtime.ANTLRStringStream.mark()I @ 4
Event: 6.733 Thread 0x0000017ad1894800 Uncommon trap: reason=unstable_if action=reinterpret pc=0x0000017ad396bcf0 method=java.util.HashMap.computeIfAbsent(Ljava/lang/Object;Ljava/util/function/Function;)Ljava/lang/Object; @ 44
Event: 6.743 Thread 0x0000017ad1894800 Uncommon trap: reason=unstable_if action=reinterpret pc=0x0000017ad385fc84 method=org.antlr.runtime.ANTLRStringStream.mark()I @ 4
Event: 6.993 Thread 0x0000017ad1894800 Uncommon trap: reason=unstable_if action=reinterpret pc=0x0000017ad39fe398 method=sun.nio.cs.UTF_8$Decoder.decodeArrayLoop(Ljava/nio/ByteBuffer;Ljava/nio/CharBuffer;)Ljava/nio/charset/CoderResult; @ 84
Event: 7.251 Thread 0x0000017ad1894800 Uncommon trap: reason=unstable_if action=reinterpret pc=0x0000017ad36b7354 method=java.util.concurrent.ConcurrentHashMap.putVal(Ljava/lang/Object;Ljava/lang/Object;Z)Ljava/lang/Object; @ 181
Event: 7.477 Thread 0x0000017ad1894800 Uncommon trap: reason=unstable_if action=reinterpret pc=0x0000017ad340c288 method=java.lang.ThreadLocal$ThreadLocalMap.getEntry(Ljava/lang/ThreadLocal;)Ljava/lang/ThreadLocal$ThreadLocalMap$Entry; @ 29
Event: 8.261 Thread 0x0000017ad1894800 Uncommon trap: reason=unstable_if action=reinterpret pc=0x0000017ad352f310 method=java.io.WinNTFileSystem.normalize(Ljava/lang/String;)Ljava/lang/String; @ 49
Event: 8.301 Thread 0x0000017ad1894800 Uncommon trap: reason=predicate action=maybe_recompile pc=0x0000017ad360e2a8 method=java.lang.String.regionMatches(ZILjava/lang/String;II)Z @ 63

Classes redefined (0 events):
No events

Internal exceptions (10 events):
Event: 7.642 Thread 0x0000017ad1894800 Exception <a 'java/lang/reflect/InvocationTargetException'> (0x00000000d7ab0ed0) thrown at [C:\workspace\openjdk-build@2\workspace\build\src\hotspot\src\share\vm\runtime\reflection.cpp, line 1091]
Event: 7.650 Thread 0x0000017ad1894800 Exception <a 'java/lang/reflect/InvocationTargetException'> (0x00000000d7aeb598) thrown at [C:\workspace\openjdk-build@2\workspace\build\src\hotspot\src\share\vm\runtime\reflection.cpp, line 1091]
Event: 7.653 Thread 0x0000017ad1894800 Exception <a 'java/lang/reflect/InvocationTargetException'> (0x00000000d7b07d50) thrown at [C:\workspace\openjdk-build@2\workspace\build\src\hotspot\src\share\vm\runtime\reflection.cpp, line 1091]
Event: 7.657 Thread 0x0000017ad1894800 Exception <a 'java/lang/reflect/InvocationTargetException'> (0x00000000d7b27310) thrown at [C:\workspace\openjdk-build@2\workspace\build\src\hotspot\src\share\vm\runtime\reflection.cpp, line 1091]
Event: 8.794 Thread 0x0000017ad1894800 Exception <a 'java/security/PrivilegedActionException'> (0x00000000d6e7cab8) thrown at [C:\workspace\openjdk-build@2\workspace\build\src\hotspot\src\share\vm\prims\jvm.cpp, line 1514]
Event: 8.794 Thread 0x0000017ad1894800 Exception <a 'java/security/PrivilegedActionException'> (0x00000000d6e7dfe8) thrown at [C:\workspace\openjdk-build@2\workspace\build\src\hotspot\src\share\vm\prims\jvm.cpp, line 1514]
Event: 8.794 Thread 0x0000017ad1894800 Exception <a 'java/security/PrivilegedActionException'> (0x00000000d6e7f418) thrown at [C:\workspace\openjdk-build@2\workspace\build\src\hotspot\src\share\vm\prims\jvm.cpp, line 1514]
Event: 8.794 Thread 0x0000017ad1894800 Exception <a 'java/security/PrivilegedActionException'> (0x00000000d6e80ad8) thrown at [C:\workspace\openjdk-build@2\workspace\build\src\hotspot\src\share\vm\prims\jvm.cpp, line 1514]
Event: 8.794 Thread 0x0000017ad1894800 Exception <a 'java/security/PrivilegedActionException'> (0x00000000d6e81ed0) thrown at [C:\workspace\openjdk-build@2\workspace\build\src\hotspot\src\share\vm\prims\jvm.cpp, line 1514]
Event: 8.794 Thread 0x0000017ad1894800 Exception <a 'java/security/PrivilegedActionException'> (0x00000000d6e83298) thrown at [C:\workspace\openjdk-build@2\workspace\build\src\hotspot\src\share\vm\prims\jvm.cpp, line 1514]

Events (10 events):
Event: 8.843 loading class org/lwjgl/openal/ALCdevice
Event: 8.843 loading class org/lwjgl/openal/ALCdevice done
Event: 8.845 loading class org/lwjgl/openal/ALCcontext
Event: 8.845 loading class org/lwjgl/openal/ALCcontext done
Event: 8.846 loading class java/nio/DirectIntBufferU
Event: 8.847 loading class java/nio/DirectIntBufferU done
Event: 8.847 loading class org/lwjgl/openal/Util
Event: 8.847 loading class org/lwjgl/openal/Util done
Event: 8.848 loading class org/lwjgl/openal/OpenALException
Event: 8.848 loading class org/lwjgl/openal/OpenALException done


Dynamic libraries:
0x00007ff64af10000 - 0x00007ff64af5d000 	C:\Program Files\Eclipse Adoptium\jdk-8.0.462.8-hotspot\bin\javaw.exe
0x00007fffc09b0000 - 0x00007fffc0ba8000 	C:\WINDOWS\SYSTEM32\ntdll.dll
0x00007fffc0090000 - 0x00007fffc0152000 	C:\WINDOWS\System32\KERNEL32.DLL
0x00007fffbe580000 - 0x00007fffbe876000 	C:\WINDOWS\System32\KERNELBASE.dll
0x00007fffbff50000 - 0x00007fffc0001000 	C:\WINDOWS\System32\ADVAPI32.dll
0x00007fffc02f0000 - 0x00007fffc038e000 	C:\WINDOWS\System32\msvcrt.dll
0x00007fffc0460000 - 0x00007fffc04ff000 	C:\WINDOWS\System32\sechost.dll
0x00007fffbeac0000 - 0x00007fffbebe0000 	C:\WINDOWS\System32\RPCRT4.dll
0x00007fffbe9a0000 - 0x00007fffbe9c7000 	C:\WINDOWS\System32\bcrypt.dll
0x00007fffbecc0000 - 0x00007fffbee61000 	C:\WINDOWS\System32\USER32.dll
0x00007fffbe1f0000 - 0x00007fffbe212000 	C:\WINDOWS\System32\win32u.dll
0x00007fffbf670000 - 0x00007fffbf69b000 	C:\WINDOWS\System32\GDI32.dll
0x00007fffbe880000 - 0x00007fffbe999000 	C:\WINDOWS\System32\gdi32full.dll
0x00007fffbe0c0000 - 0x00007fffbe15d000 	C:\WINDOWS\System32\msvcp_win.dll
0x00007fffbe480000 - 0x00007fffbe580000 	C:\WINDOWS\System32\ucrtbase.dll
0x00007fffaded0000 - 0x00007fffae16b000 	C:\WINDOWS\WinSxS\amd64_microsoft.windows.common-controls_6595b64144ccf1df_6.0.19041.6456_none_60b8a6cb71f64256\COMCTL32.dll
0x00007fffbfe60000 - 0x00007fffbfe8f000 	C:\WINDOWS\System32\IMM32.DLL
0x00007fffabbb0000 - 0x00007fffabbce000 	C:\Program Files\Eclipse Adoptium\jdk-8.0.462.8-hotspot\jre\bin\vcruntime140.dll
0x00007fffbab50000 - 0x00007fffbab5c000 	C:\Program Files\Eclipse Adoptium\jdk-8.0.462.8-hotspot\jre\bin\vcruntime140_1.dll
0x00007fff7eb50000 - 0x00007fff7ebdd000 	C:\Program Files\Eclipse Adoptium\jdk-8.0.462.8-hotspot\jre\bin\msvcp140.dll
0x000000006d8b0000 - 0x000000006e147000 	C:\Program Files\Eclipse Adoptium\jdk-8.0.462.8-hotspot\jre\bin\server\jvm.dll
0x00007fffbf660000 - 0x00007fffbf668000 	C:\WINDOWS\System32\PSAPI.DLL
0x00007fffbc840000 - 0x00007fffbc849000 	C:\WINDOWS\SYSTEM32\WSOCK32.dll
0x00007fffbf6a0000 - 0x00007fffbf70b000 	C:\WINDOWS\System32\WS2_32.dll
0x00007fffbc750000 - 0x00007fffbc75a000 	C:\WINDOWS\SYSTEM32\VERSION.dll
0x00007fffb7780000 - 0x00007fffb77a7000 	C:\WINDOWS\SYSTEM32\WINMM.dll
0x00007fffbc850000 - 0x00007fffbc862000 	C:\WINDOWS\SYSTEM32\kernel.appcore.dll
0x00007fffb84e0000 - 0x00007fffb84f0000 	C:\Program Files\Eclipse Adoptium\jdk-8.0.462.8-hotspot\jre\bin\verify.dll
0x00007fffb6fa0000 - 0x00007fffb6fcb000 	C:\Program Files\Eclipse Adoptium\jdk-8.0.462.8-hotspot\jre\bin\java.dll
0x00007fffb1ec0000 - 0x00007fffb1ed8000 	C:\Program Files\Eclipse Adoptium\jdk-8.0.462.8-hotspot\jre\bin\zip.dll
0x00007fffbee70000 - 0x00007fffbf5e0000 	C:\WINDOWS\System32\SHELL32.dll
0x00007fffbbd80000 - 0x00007fffbc525000 	C:\WINDOWS\SYSTEM32\windows.storage.dll
0x00007fffbfa90000 - 0x00007fffbfde4000 	C:\WINDOWS\System32\combase.dll
0x00007fffbd990000 - 0x00007fffbd9bb000 	C:\WINDOWS\SYSTEM32\Wldp.dll
0x00007fffc0390000 - 0x00007fffc045d000 	C:\WINDOWS\System32\OLEAUT32.dll
0x00007fffbfea0000 - 0x00007fffbff4d000 	C:\WINDOWS\System32\SHCORE.dll
0x00007fffbf5e0000 - 0x00007fffbf63b000 	C:\WINDOWS\System32\shlwapi.dll
0x00007fffbdf70000 - 0x00007fffbdf94000 	C:\WINDOWS\SYSTEM32\profapi.dll
0x0000000065580000 - 0x0000000065616000 	C:\Users\sofia\AppData\Local\Temp\libgdxsofia\12dfaa03\gdx64.dll
0x00007fffbd8f0000 - 0x00007fffbd908000 	C:\WINDOWS\SYSTEM32\CRYPTSP.dll
0x00007fffbd010000 - 0x00007fffbd048000 	C:\WINDOWS\system32\rsaenh.dll
0x00007fffbdef0000 - 0x00007fffbdf1e000 	C:\WINDOWS\SYSTEM32\USERENV.dll
0x00007fffbe160000 - 0x00007fffbe1e2000 	C:\WINDOWS\System32\bcryptprimitives.dll
0x00007fffbd8e0000 - 0x00007fffbd8ec000 	C:\WINDOWS\SYSTEM32\CRYPTBASE.dll
0x00007fffb1420000 - 0x00007fffb143c000 	C:\Program Files\Eclipse Adoptium\jdk-8.0.462.8-hotspot\jre\bin\net.dll
0x00007fffbd6f0000 - 0x00007fffbd75a000 	C:\WINDOWS\system32\mswsock.dll
0x00007fffbd3d0000 - 0x00007fffbd40b000 	C:\WINDOWS\SYSTEM32\IPHLPAPI.DLL
0x00007fffbfe50000 - 0x00007fffbfe58000 	C:\WINDOWS\System32\NSI.dll
0x00007fffb5f00000 - 0x00007fffb5f17000 	C:\WINDOWS\SYSTEM32\dhcpcsvc6.DLL
0x00007fffb5cb0000 - 0x00007fffb5ccd000 	C:\WINDOWS\SYSTEM32\dhcpcsvc.DLL
0x00007fffbd410000 - 0x00007fffbd4da000 	C:\WINDOWS\SYSTEM32\DNSAPI.dll
0x00007fffabce0000 - 0x00007fffabcf3000 	C:\Program Files\Eclipse Adoptium\jdk-8.0.462.8-hotspot\jre\bin\nio.dll
0x0000000180000000 - 0x0000000180053000 	C:\Users\sofia\AppData\Local\Temp\libgdxsofia\dc0f0009\lwjgl64.dll
0x00007fffad3e0000 - 0x00007fffad508000 	C:\WINDOWS\SYSTEM32\OPENGL32.dll
0x00007fffb44a0000 - 0x00007fffb44cc000 	C:\WINDOWS\SYSTEM32\GLU32.dll
0x0000017aec7a0000 - 0x0000017aec804000 	C:\Users\sofia\AppData\Local\Temp\libgdxsofia\dc0f0009\OpenAL64.dll
0x00007fffc01c0000 - 0x00007fffc02eb000 	C:\WINDOWS\System32\ole32.dll
0x00007fffbb610000 - 0x00007fffbb6ae000 	C:\WINDOWS\system32\uxtheme.dll
0x00007fffbf9e0000 - 0x00007fffbfa89000 	C:\WINDOWS\System32\clbcatq.dll
0x00007fff90d40000 - 0x00007fff90ddc000 	C:\WINDOWS\SYSTEM32\dsound.dll
0x00007fffbdea0000 - 0x00007fffbdeeb000 	C:\WINDOWS\SYSTEM32\powrprof.dll
0x00007fffabb70000 - 0x00007fffabb96000 	C:\WINDOWS\SYSTEM32\winmmbase.dll
0x00007fffbde80000 - 0x00007fffbde92000 	C:\WINDOWS\SYSTEM32\UMPDC.dll
0x00007fffb4660000 - 0x00007fffb46e5000 	C:\WINDOWS\System32\MMDevApi.dll
0x00007fffbdcf0000 - 0x00007fffbdd23000 	C:\WINDOWS\System32\DEVOBJ.dll
0x00007fffbe2d0000 - 0x00007fffbe31e000 	C:\WINDOWS\System32\cfgmgr32.dll
0x00007fffb0ee0000 - 0x00007fffb1061000 	C:\WINDOWS\SYSTEM32\AUDIOSES.DLL
0x00007fffae230000 - 0x00007fffae431000 	C:\WINDOWS\SYSTEM32\dbghelp.dll

VM Arguments:
jvm_args: -Duser.language=en_US -Dfile.encoding=UTF-8 
java_command: org.uqbar.project.wollok.launch.WollokLauncher -requestsPort 0 -eventsPort 0 -folder -dontValidate -wf src/juego.wpgm
java_class_path (initial): C:\Users\sofia\wollokk\workspace\Chillisgame\bin;C:\Users\sofia\wollokk\plugins\com.ibm.icu_64.2.0.v20190507-1337.jar;C:\Users\sofia\wollokk\plugins\org.eclipse.xtext_2.20.0.v20191202-0915.jar;C:\Users\sofia\wollokk\plugins\org.eclipse.emf.ecore.xmi_2.16.0.v20190528-0725.jar;C:\Users\sofia\wollokk\plugins\org.eclipse.emf.ecore_2.20.0.v20190920-0401.jar;C:\Users\sofia\wollokk\plugins\org.eclipse.emf.common_2.17.0.v20190920-0401.jar;C:\Users\sofia\wollokk\plugins\org.antlr.runtime_3.2.0.v201101311130.jar;C:\Users\sofia\wollokk\plugins\com.google.inject_3.0.0.v201605172100.jar;C:\Users\sofia\wollokk\plugins\org.eclipse.emf.mwe.core_1.5.1.v20191121-1148.jar;C:\Users\sofia\wollokk\plugins\org.apache.commons.cli_1.2.0.v201404270220.jar;C:\Users\sofia\wollokk\plugins\org.eclipse.emf.mwe2.runtime_2.11.1.v20191121-1148.jar;C:\Users\sofia\wollokk\plugins\org.eclipse.emf.mwe.utils_1.5.1.v20191121-1148.jar;C:\Users\sofia\wollokk\plugins\org.eclipse.xtext.util_2.20.0.v20191202-0915.jar;C:\Users\sofia\wollokk\plugins\com.google.guava_27.1.0.v20190517-1946.jar;C:\Users\sofia\wollokk\plugins\javax.inject_1.0.0.v20091030.jar;C:\Users\sofia\wollokk\plugins\org.eclipse.xtext.generator_2.20.0.v20191202-0933.jar;C:\Users\sofia\wollokk\plugins\org.eclipse.xtext.xtext.generator_2.20.0.v20191202-0915.jar;C:\Users\sofia\wollokk\plugins\org.eclipse.xtext.xbase.lib_2.20.0.v20191202-0907.jar;C:\Users\sofia\wollokk\plugins\org.eclipse.emf.codegen.ecore_2.20.0.v20191012-0918.jar;C:\Users\sofia\wollokk\plugins\org.eclipse.emf.codegen_2.19.0.v20190821-1536.jar;C:\Users\sofia\wollokk\plugins\org.eclipse.xtend_2.2.0.v201605260315.jar;C:\Users\sofia\wollokk\plugins\org.eclipse.xpand_2.2.0.v201605260315.jar;C:\Users\sofia\wollokk\plugins\org.eclipse.xtend.typesystem.emf_2.2.0.v201605260315.jar;C:\Users\sofia\wollokk\plugins\org.uqbar.project.wollok_3.0.0.jar;C:\Users\sofia\wollokk\plugins\org.eclipse.xtext.xbase_2.20.0.v20191202-0933.jar;C:\Users\sofia\wollokk\plugins\org.
Launcher Type: SUN_STANDARD

Environment Variables:
PATH=C:/Program Files/Eclipse Adoptium/jdk-8.0.462.8-hotspot/bin/../jre/bin/server;C:/Program Files/Eclipse Adoptium/jdk-8.0.462.8-hotspot/bin/../jre/bin;C:/Program Files/Eclipse Adoptium/jdk-8.0.462.8-hotspot/bin/../jre/lib/amd64;C:\Program Files\Eclipse Adoptium\jdk-8.0.462.8-hotspot\bin;C:\Program Files (x86)\Common Files\Oracle\Java\java8path;C:\Program Files (x86)\Common Files\Oracle\Java\javapath;C:\WINDOWS\system32;C:\WINDOWS;C:\WINDOWS\System32\Wbem;C:\WINDOWS\System32\WindowsPowerShell\v1.0\;C:\WINDOWS\System32\OpenSSH\;C:\ProgramData\chocolatey\bin;C:\Program Files\Git\cmd;C:\Program Files\nodejs\;C:\Users\sofia\AppData\Local\Programs\Python\Launcher\;C:\Users\sofia\AppData\Local\Microsoft\WindowsApps;C:\Users\sofia\AppData\Local\Programs\Microsoft VS Code\bin;C:\Users\sofia\AppData\Roaming\npm;C:\Users\sofia\wollok\wollok-ts-cli-1.0.1;;C:\Users\sofia\wollokk;
USERNAME=sofia
OS=Windows_NT
PROCESSOR_IDENTIFIER=Intel64 Family 6 Model 58 Stepping 9, GenuineIntel



---------------  S Y S T E M  ---------------

OS: Windows 10 , 64 bit Build 19041 (10.0.19041.5915)

CPU:total 4 (initial active 4) (2 cores per cpu, 2 threads per core) family 6 model 58 stepping 9, cmov, cx8, fxsr, mmx, sse, sse2, sse3, ssse3, sse4.1, sse4.2, popcnt, avx, clmul, erms, ht, tsc, tscinvbit, tscinv

Memory: 4k page, physical 8289660k(3917880k free), swap 9600380k(3894520k free)

vm_info: OpenJDK 64-Bit Server VM (25.462-b08) for windows-amd64 JRE (1.8.0_462-b08), built on Jul 16 2025 11:19:14 by "ContainerUser" with unknown MS VC++:1937

time: Mon Nov 10 14:23:09 2025
timezone: SA Eastern Standard Time
elapsed time: 8.933676 seconds (0d 0h 0m 8s)

